# JRE version: Java(TM) SE Runtime Environment (8.0_131-b11) (build 1.8.0_131-b11)
# Java VM: Java HotSpot(TM) 64-Bit Server VM (25.131-b11 mixed mode windows-amd64 compressed oops)
Heap:
 PSYoungGen      total 136192K, used 124072K [0x000000076b400000, 0x0000000777580000, 0x00000007c0000000)
  eden space 118272K, 93% used [0x000000076b400000,0x000000077203bc40,0x0000000772780000)
  from space 17920K, 73% used [0x0000000772780000,0x000000077346e770,0x0000000773900000)
  to   space 17920K, 0% used [0x0000000776400000,0x0000000776400000,0x0000000777580000)
 ParOldGen       total 194048K, used 21008K [0x00000006c1c00000, 0x00000006cd980000, 0x000000076b400000)
  object space 194048K, 10% used [0x00000006c1c00000,0x00000006c30843f8,0x00000006cd980000)
 Metaspace       used 49349K, capacity 49844K, committed 50304K, reserved 1093632K
  class space    used 6371K, capacity 6517K, committed 6528K, reserved 1048576K
GC Heap History (10 events):
Event: 3.392 GC heap before
{Heap before GC invocations=5 (full 1):
 PSYoungGen      total 76288K, used 71121K [0x000000076b400000, 0x0000000772000000, 0x00000007c0000000)
  eden space 65536K, 99% used [0x000000076b400000,0x000000076f3fac80,0x000000076f400000)
  from space 10752K, 52% used [0x000000076f400000,0x000000076f9798c0,0x000000076fe80000)
  to   space 10752K, 0% used [0x0000000771580000,0x0000000771580000,0x0000000772000000)
 ParOldGen       total 114688K, used 8615K [0x00000006c1c00000, 0x00000006c8c00000, 0x000000076b400000)
  object space 114688K, 7% used [0x00000006c1c00000,0x00000006c2469dd0,0x00000006c8c00000)
 Metaspace       used 28219K, capacity 28556K, committed 28800K, reserved 1075200K
  class space    used 3499K, capacity 3623K, committed 3712K, reserved 1048576K
Event: 3.398 GC heap after
Heap after GC invocations=5 (full 1):
 PSYoungGen      total 99840K, used 10749K [0x000000076b400000, 0x0000000772180000, 0x00000007c0000000)
  eden space 89088K, 0% used [0x000000076b400000,0x000000076b400000,0x0000000770b00000)
  from space 10752K, 99% used [0x0000000771580000,0x0000000771fff6b8,0x0000000772000000)
  to   space 10752K, 0% used [0x0000000770b00000,0x0000000770b00000,0x0000000771580000)
 ParOldGen       total 114688K, used 9358K [0x00000006c1c00000, 0x00000006c8c00000, 0x000000076b400000)
  object space 114688K, 8% used [0x00000006c1c00000,0x00000006c2523840,0x00000006c8c00000)
 Metaspace       used 28219K, capacity 28556K, committed 28800K, reserved 1075200K
  class space    used 3499K, capacity 3623K, committed 3712K, reserved 1048576K
}
Event: 5.647 GC heap before
{Heap before GC invocations=6 (full 1):
 PSYoungGen      total 99840K, used 99837K [0x000000076b400000, 0x0000000772180000, 0x00000007c0000000)
  eden space 89088K, 100% used [0x000000076b400000,0x0000000770b00000,0x0000000770b00000)
  from space 10752K, 99% used [0x0000000771580000,0x0000000771fff6b8,0x0000000772000000)
  to   space 10752K, 0% used [0x0000000770b00000,0x0000000770b00000,0x0000000771580000)
 ParOldGen       total 114688K, used 9358K [0x00000006c1c00000, 0x00000006c8c00000, 0x000000076b400000)
  object space 114688K, 8% used [0x00000006c1c00000,0x00000006c2523840,0x00000006c8c00000)
 Metaspace       used 31391K, capacity 31722K, committed 32000K, reserved 1077248K
  class space    used 3901K, capacity 4012K, committed 4096K, reserved 1048576K
Event: 5.655 GC heap after
Heap after GC invocations=6 (full 1):
 PSYoungGen      total 99840K, used 10728K [0x000000076b400000, 0x0000000774900000, 0x00000007c0000000)
  eden space 89088K, 0% used [0x000000076b400000,0x000000076b400000,0x0000000770b00000)
  from space 10752K, 99% used [0x0000000770b00000,0x000000077157a3f8,0x0000000771580000)
  to   space 16384K, 0% used [0x0000000773900000,0x0000000773900000,0x0000000774900000)
 ParOldGen       total 114688K, used 13213K [0x00000006c1c00000, 0x00000006c8c00000, 0x000000076b400000)
  object space 114688K, 11% used [0x00000006c1c00000,0x00000006c28e77a8,0x00000006c8c00000)
 Metaspace       used 31391K, capacity 31722K, committed 32000K, reserved 1077248K
  class space    used 3901K, capacity 4012K, committed 4096K, reserved 1048576K
}
Event: 6.436 GC heap before
{Heap before GC invocations=7 (full 1):
 PSYoungGen      total 99840K, used 39113K [0x000000076b400000, 0x0000000774900000, 0x00000007c0000000)
  eden space 89088K, 31% used [0x000000076b400000,0x000000076cfb8228,0x0000000770b00000)
  from space 10752K, 99% used [0x0000000770b00000,0x000000077157a3f8,0x0000000771580000)
  to   space 16384K, 0% used [0x0000000773900000,0x0000000773900000,0x0000000774900000)
 ParOldGen       total 114688K, used 13213K [0x00000006c1c00000, 0x00000006c8c00000, 0x000000076b400000)
  object space 114688K, 11% used [0x00000006c1c00000,0x00000006c28e77a8,0x00000006c8c00000)
 Metaspace       used 34879K, capacity 35248K, committed 35496K, reserved 1081344K
  class space    used 4471K, capacity 4589K, committed 4608K, reserved 1048576K
Event: 6.444 GC heap after
Heap after GC invocations=7 (full 1):
 PSYoungGen      total 134656K, used 14246K [0x000000076b400000, 0x0000000774d80000, 0x00000007c0000000)
  eden space 118272K, 0% used [0x000000076b400000,0x000000076b400000,0x0000000772780000)
  from space 16384K, 86% used [0x0000000773900000,0x00000007746e9af8,0x0000000774900000)
  to   space 17920K, 0% used [0x0000000772780000,0x0000000772780000,0x0000000773900000)
 ParOldGen       total 114688K, used 13221K [0x00000006c1c00000, 0x00000006c8c00000, 0x000000076b400000)
  object space 114688K, 11% used [0x00000006c1c00000,0x00000006c28e97a8,0x00000006c8c00000)
 Metaspace       used 34879K, capacity 35248K, committed 35496K, reserved 1081344K
  class space    used 4471K, capacity 4589K, committed 4608K, reserved 1048576K
}
Event: 6.444 GC heap before
{Heap before GC invocations=8 (full 2):
 PSYoungGen      total 134656K, used 14246K [0x000000076b400000, 0x0000000774d80000, 0x00000007c0000000)
  eden space 118272K, 0% used [0x000000076b400000,0x000000076b400000,0x0000000772780000)
  from space 16384K, 86% used [0x0000000773900000,0x00000007746e9af8,0x0000000774900000)
  to   space 17920K, 0% used [0x0000000772780000,0x0000000772780000,0x0000000773900000)
 ParOldGen       total 114688K, used 13221K [0x00000006c1c00000, 0x00000006c8c00000, 0x000000076b400000)
  object space 114688K, 11% used [0x00000006c1c00000,0x00000006c28e97a8,0x00000006c8c00000)
 Metaspace       used 34879K, capacity 35248K, committed 35496K, reserved 1081344K
  class space    used 4471K, capacity 4589K, committed 4608K, reserved 1048576K
Event: 6.485 GC heap after
Heap after GC invocations=8 (full 2):
 PSYoungGen      total 134656K, used 0K [0x000000076b400000, 0x0000000774d80000, 0x00000007c0000000)
  eden space 118272K, 0% used [0x000000076b400000,0x000000076b400000,0x0000000772780000)
  from space 16384K, 0% used [0x0000000773900000,0x0000000773900000,0x0000000774900000)
  to   space 17920K, 0% used [0x0000000772780000,0x0000000772780000,0x0000000773900000)
 ParOldGen       total 194048K, used 21000K [0x00000006c1c00000, 0x00000006cd980000, 0x000000076b400000)
  object space 194048K, 10% used [0x00000006c1c00000,0x00000006c30823f8,0x00000006cd980000)
 Metaspace       used 34879K, capacity 35248K, committed 35496K, reserved 1081344K
  class space    used 4471K, capacity 4589K, committed 4608K, reserved 1048576K
}
Event: 8.961 GC heap before
{Heap before GC invocations=9 (full 2):
 PSYoungGen      total 134656K, used 118272K [0x000000076b400000, 0x0000000774d80000, 0x00000007c0000000)
  eden space 118272K, 100% used [0x000000076b400000,0x0000000772780000,0x0000000772780000)
  from space 16384K, 0% used [0x0000000773900000,0x0000000773900000,0x0000000774900000)
  to   space 17920K, 0% used [0x0000000772780000,0x0000000772780000,0x0000000773900000)
 ParOldGen       total 194048K, used 21000K [0x00000006c1c00000, 0x00000006cd980000, 0x000000076b400000)
  object space 194048K, 10% used [0x00000006c1c00000,0x00000006c30823f8,0x00000006cd980000)
 Metaspace       used 43691K, capacity 44116K, committed 44544K, reserved 1087488K
  class space    used 5680K, capacity 5795K, committed 5888K, reserved 1048576K
Event: 8.972 GC heap after
Heap after GC invocations=9 (full 2):
 PSYoungGen      total 136192K, used 13241K [0x000000076b400000, 0x0000000777580000, 0x00000007c0000000)
  eden space 118272K, 0% used [0x000000076b400000,0x000000076b400000,0x0000000772780000)
  from space 17920K, 73% used [0x0000000772780000,0x000000077346e770,0x0000000773900000)
  to   space 17920K, 0% used [0x0000000776400000,0x0000000776400000,0x0000000777580000)
 ParOldGen       total 194048K, used 21008K [0x00000006c1c00000, 0x00000006cd980000, 0x000000076b400000)
  object space 194048K, 10% used [0x00000006c1c00000,0x00000006c30843f8,0x00000006cd980000)
 Metaspace       used 43691K, capacity 44116K, committed 44544K, reserved 1087488K
  class space    used 5680K, capacity 5795K, committed 5888K, reserved 1048576K
}

